#
# A fatal error has been detected by the Java Runtime Environment:
#
#  EXCEPTION_ACCESS_VIOLATION (0xc0000005) at pc=0x000000005bcffaed, pid=6400, tid=0x000000000000c91c
#
# JRE version: Java(TM) SE Runtime Environment (8.0_181-b13) (build 1.8.0_181-b13)
# Java VM: Java HotSpot(TM) 64-Bit Server VM (25.181-b13 mixed mode windows-amd64 compressed oops)
# Problematic frame:
# V  [jvm.dll+0x14faed]
#
# Failed to write core dump. Minidumps are not enabled by default on client versions of Windows
#
# If you would like to submit a bug report, please visit:
#   http://bugreport.java.com/bugreport/crash.jsp
#

---------------  T H R E A D  ---------------

Current thread (0x0000000020bbb000):  JavaThread "AWT-EventQueue-0" [_thread_in_vm, id=51484, stack(0x00000000234c0000,0x00000000235c0000)]

siginfo: ExceptionCode=0xc0000005, reading address 0x0000000000000000

Registers:
RAX=0x0000000000000000, RBX=0x0000000020bbb000, RCX=0x0000000020bbb000, RDX=0x000000076c27ea90
RSP=0x00000000235b5f40, RBP=0x00000000235b6038, RSI=0x0000000000000000, RDI=0x0000000020bbb1f8
R8 =0x0000000000000000, R9 =0x00000000235b6038, R10=0x0000000020bbb000, R11=0x00000000235b5fd0
R12=0x00000000205693f8, R13=0x00000000205693f8, R14=0x000000001f45e150, R15=0x000000000071ffb0
RIP=0x000000005bcffaed, EFLAGS=0x0000000000010246

Top of Stack: (sp=0x00000000235b5f40)
0x00000000235b5f40:   00000000235b6170 00000007c04308b8
0x00000000235b5f50:   000000001df2e068 00000000235b5fa0
0x00000000235b5f60:   0000000020bbb000 000000005bc1f29f
0x00000000235b5f70:   000000000000000e 00000000ed84fea4
0x00000000235b5f80:   0000000020bbb000 0000000021771f28
0x00000000235b5f90:   0000000020bbb000 0000000021771f28
0x00000000235b5fa0:   000000000000062d 000000005c1ba510
0x00000000235b5fb0:   0000000000000011 000000000000000e
0x00000000235b5fc0:   00000000235b5e60 00000000235b6048
0x00000000235b5fd0:   00000000205693e8 0000000020bbb1f8
0x00000000235b5fe0:   0000000020bbb1f8 00007ffcf994110c
0x00000000235b5ff0:   000000001f475200 00000000235b6170
0x00000000235b6000:   000000001f443c58 0000000000000000
0x00000000235b6010:   000000001f475200 00007ffcf9941532
0x00000000235b6020:   000000001f475200 00000000235b6170
0x00000000235b6030:   0000000000000000 0000000000000000 

Instructions: (pc=0x000000005bcffaed)
0x000000005bcffacd:   00 48 83 7b 08 00 48 89 5c 24 50 48 c7 44 24 58
0x000000005bcffadd:   00 00 00 00 74 0a 48 8d 4c 24 50 e8 23 de 12 00
0x000000005bcffaed:   48 8b 06 c7 44 24 40 0e 00 00 00 48 8d 4c 24 70
0x000000005bcffafd:   48 8b 50 08 0f b7 42 24 48 8b 52 08 48 8b 54 c2 


Register to memory mapping:

RAX=0x0000000000000000 is an unknown value
RBX=0x0000000020bbb000 is a thread
RCX=0x0000000020bbb000 is a thread
RDX=0x000000076c27ea90 is an oop
java.lang.NoSuchMethodError 
 - klass: 'java/lang/NoSuchMethodError'
RSP=0x00000000235b5f40 is pointing into the stack for thread: 0x0000000020bbb000
RBP=0x00000000235b6038 is pointing into the stack for thread: 0x0000000020bbb000
RSI=0x0000000000000000 is an unknown value
RDI=0x0000000020bbb1f8 is an unknown value
R8 =0x0000000000000000 is an unknown value
R9 =0x00000000235b6038 is pointing into the stack for thread: 0x0000000020bbb000
R10=0x0000000020bbb000 is a thread
R11=0x00000000235b5fd0 is pointing into the stack for thread: 0x0000000020bbb000
R12=0x00000000205693f8 is an unknown value
R13=0x00000000205693f8 is an unknown value
R14=0x000000001f45e150 is an unknown value
R15=0x000000000071ffb0 is an unknown value


Stack: [0x00000000234c0000,0x00000000235c0000],  sp=0x00000000235b5f40,  free space=983k
Native frames: (J=compiled Java code, j=interpreted, Vv=VM code, C=native code)
V  [jvm.dll+0x14faed]
C  [civil.dll+0x110c]
C  [civil.dll+0x1532]
C  0x0000000002268c67

Java frames: (J=compiled Java code, j=interpreted, Vv=VM code)
j  com.lti.civil.impl.jni.NativeCaptureSystem.getCaptureDeviceInfoList()Ljava/util/List;+0
j  memsys.ui.devices.CapturerMain.TestAndStartCam()V+18
j  memsys.ui.devices.CapturerMain.formWindowOpened(Ljava/awt/event/WindowEvent;)V+1
j  memsys.ui.devices.CapturerMain.access$200(Lmemsys/ui/devices/CapturerMain;Ljava/awt/event/WindowEvent;)V+2
j  memsys.ui.devices.CapturerMain$1.windowOpened(Ljava/awt/event/WindowEvent;)V+5
j  java.awt.AWTEventMulticaster.windowOpened(Ljava/awt/event/WindowEvent;)V+21
j  java.awt.Window.processWindowEvent(Ljava/awt/event/WindowEvent;)V+58
j  javax.swing.JDialog.processWindowEvent(Ljava/awt/event/WindowEvent;)V+2
j  java.awt.Window.processEvent(Ljava/awt/AWTEvent;)V+69
J 3624 C1 java.awt.Component.dispatchEventImpl(Ljava/awt/AWTEvent;)V (921 bytes) @ 0x0000000002e6bf94 [0x0000000002e66a60+0x5534]
J 3230 C1 java.awt.Container.dispatchEventImpl(Ljava/awt/AWTEvent;)V (129 bytes) @ 0x0000000002cd8dcc [0x0000000002cd8c80+0x14c]
J 3764 C1 java.awt.Window.dispatchEventImpl(Ljava/awt/AWTEvent;)V (23 bytes) @ 0x0000000002efc824 [0x0000000002efc240+0x5e4]
J 3640 C1 java.awt.EventQueue.dispatchEventImpl(Ljava/awt/AWTEvent;Ljava/lang/Object;)V (149 bytes) @ 0x0000000002e7e67c [0x0000000002e7ce00+0x187c]
J 3638 C1 java.awt.EventQueue$3.run()Ljava/lang/Void; (60 bytes) @ 0x0000000002e7c1dc [0x0000000002e7bfc0+0x21c]
J 3569 C1 java.awt.EventQueue$3.run()Ljava/lang/Object; (5 bytes) @ 0x0000000002e02c0c [0x0000000002e02b80+0x8c]
v  ~StubRoutines::call_stub
J 2172  java.security.AccessController.doPrivileged(Ljava/security/PrivilegedAction;Ljava/security/AccessControlContext;)Ljava/lang/Object; (0 bytes) @ 0x0000000002b210e6 [0x0000000002b21080+0x66]
J 3622 C1 java.awt.EventQueue$4.run()Ljava/lang/Object; (5 bytes) @ 0x0000000002e72e74 [0x0000000002e72a40+0x434]
v  ~StubRoutines::call_stub
J 2172  java.security.AccessController.doPrivileged(Ljava/security/PrivilegedAction;Ljava/security/AccessControlContext;)Ljava/lang/Object; (0 bytes) @ 0x0000000002b210e6 [0x0000000002b21080+0x66]
J 2946 C1 java.awt.EventQueue.dispatchEvent(Ljava/awt/AWTEvent;)V (80 bytes) @ 0x000000000237063c [0x000000000236f780+0xebc]
J 2951 C1 java.awt.EventDispatchThread.pumpOneEventForFilters(I)V (190 bytes) @ 0x000000000243b8dc [0x000000000243a780+0x115c]
j  java.awt.EventDispatchThread.pumpEventsForFilter(ILjava/awt/Conditional;Ljava/awt/EventFilter;)V+35
j  java.awt.EventDispatchThread.pumpEventsForFilter(Ljava/awt/Conditional;Ljava/awt/EventFilter;)V+4
j  java.awt.WaitDispatchSupport$2.run()V+59
j  java.awt.WaitDispatchSupport$4.run()Ljava/lang/Void;+4
j  java.awt.WaitDispatchSupport$4.run()Ljava/lang/Object;+1
v  ~StubRoutines::call_stub
J 495  java.security.AccessController.doPrivileged(Ljava/security/PrivilegedAction;)Ljava/lang/Object; (0 bytes) @ 0x0000000002478c92 [0x0000000002478c40+0x52]
j  java.awt.WaitDispatchSupport.enter()Z+325
j  java.awt.Dialog.show()V+233
j  java.awt.Component.show(Z)V+5
j  java.awt.Component.setVisible(Z)V+2
j  java.awt.Window.setVisible(Z)V+2
j  java.awt.Dialog.setVisible(Z)V+2
j  memsys.ui.devices.CurrentPhoto1.showFrmCapturer()V+16
j  memsys.ui.devices.CurrentPhoto1.cmdEditActionPerformed(Ljava/awt/event/ActionEvent;)V+11
j  memsys.ui.devices.CurrentPhoto1.access$500(Lmemsys/ui/devices/CurrentPhoto1;Ljava/awt/event/ActionEvent;)V+2
j  memsys.ui.devices.CurrentPhoto1$4.actionPerformed(Ljava/awt/event/ActionEvent;)V+5
j  javax.swing.AbstractButton.fireActionPerformed(Ljava/awt/event/ActionEvent;)V+83
j  javax.swing.AbstractButton$Handler.actionPerformed(Ljava/awt/event/ActionEvent;)V+5
j  javax.swing.DefaultButtonModel.fireActionPerformed(Ljava/awt/event/ActionEvent;)V+34
j  javax.swing.DefaultButtonModel.setPressed(Z)V+117
j  javax.swing.plaf.basic.BasicButtonListener.mouseReleased(Ljava/awt/event/MouseEvent;)V+35
j  java.awt.Component.processMouseEvent(Ljava/awt/event/MouseEvent;)V+64
j  javax.swing.JComponent.processMouseEvent(Ljava/awt/event/MouseEvent;)V+23
j  java.awt.Component.processEvent(Ljava/awt/AWTEvent;)V+81
J 3749 C1 java.awt.Container.processEvent(Ljava/awt/AWTEvent;)V (22 bytes) @ 0x0000000002eeb80c [0x0000000002eeb4e0+0x32c]
J 3624 C1 java.awt.Component.dispatchEventImpl(Ljava/awt/AWTEvent;)V (921 bytes) @ 0x0000000002e6bf94 [0x0000000002e66a60+0x5534]
J 3230 C1 java.awt.Container.dispatchEventImpl(Ljava/awt/AWTEvent;)V (129 bytes) @ 0x0000000002cd8dcc [0x0000000002cd8c80+0x14c]
J 3753 C1 java.awt.LightweightDispatcher.retargetMouseEvent(Ljava/awt/Component;ILjava/awt/event/MouseEvent;)V (372 bytes) @ 0x0000000002ef011c [0x0000000002eed8e0+0x283c]
j  java.awt.LightweightDispatcher.processMouseEvent(Ljava/awt/event/MouseEvent;)Z+155
J 3771 C1 java.awt.LightweightDispatcher.dispatchEvent(Ljava/awt/AWTEvent;)Z (73 bytes) @ 0x0000000002f038fc [0x0000000002f034c0+0x43c]
J 3230 C1 java.awt.Container.dispatchEventImpl(Ljava/awt/AWTEvent;)V (129 bytes) @ 0x0000000002cd8d6c [0x0000000002cd8c80+0xec]
J 3764 C1 java.awt.Window.dispatchEventImpl(Ljava/awt/AWTEvent;)V (23 bytes) @ 0x0000000002efc824 [0x0000000002efc240+0x5e4]
J 3640 C1 java.awt.EventQueue.dispatchEventImpl(Ljava/awt/AWTEvent;Ljava/lang/Object;)V (149 bytes) @ 0x0000000002e7e67c [0x0000000002e7ce00+0x187c]
J 3638 C1 java.awt.EventQueue$3.run()Ljava/lang/Void; (60 bytes) @ 0x0000000002e7c1dc [0x0000000002e7bfc0+0x21c]
J 3569 C1 java.awt.EventQueue$3.run()Ljava/lang/Object; (5 bytes) @ 0x0000000002e02c0c [0x0000000002e02b80+0x8c]
v  ~StubRoutines::call_stub
J 2172  java.security.AccessController.doPrivileged(Ljava/security/PrivilegedAction;Ljava/security/AccessControlContext;)Ljava/lang/Object; (0 bytes) @ 0x0000000002b210e6 [0x0000000002b21080+0x66]
J 3622 C1 java.awt.EventQueue$4.run()Ljava/lang/Object; (5 bytes) @ 0x0000000002e72e74 [0x0000000002e72a40+0x434]
v  ~StubRoutines::call_stub
J 2172  java.security.AccessController.doPrivileged(Ljava/security/PrivilegedAction;Ljava/security/AccessControlContext;)Ljava/lang/Object; (0 bytes) @ 0x0000000002b210e6 [0x0000000002b21080+0x66]
J 2946 C1 java.awt.EventQueue.dispatchEvent(Ljava/awt/AWTEvent;)V (80 bytes) @ 0x000000000237063c [0x000000000236f780+0xebc]
J 2951 C1 java.awt.EventDispatchThread.pumpOneEventForFilters(I)V (190 bytes) @ 0x000000000243b8dc [0x000000000243a780+0x115c]
j  java.awt.EventDispatchThread.pumpEventsForFilter(ILjava/awt/Conditional;Ljava/awt/EventFilter;)V+35
j  java.awt.EventDispatchThread.pumpEventsForFilter(Ljava/awt/Conditional;Ljava/awt/EventFilter;)V+4
j  java.awt.WaitDispatchSupport$2.run()V+59
j  java.awt.WaitDispatchSupport$4.run()Ljava/lang/Void;+4
j  java.awt.WaitDispatchSupport$4.run()Ljava/lang/Object;+1
v  ~StubRoutines::call_stub
J 495  java.security.AccessController.doPrivileged(Ljava/security/PrivilegedAction;)Ljava/lang/Object; (0 bytes) @ 0x0000000002478c92 [0x0000000002478c40+0x52]
j  java.awt.WaitDispatchSupport.enter()Z+325
j  java.awt.Dialog.show()V+233
j  java.awt.Component.show(Z)V+5
j  java.awt.Component.setVisible(Z)V+2
j  java.awt.Window.setVisible(Z)V+2
j  java.awt.Dialog.setVisible(Z)V+2
j  memsys.ui.pmes.Attendance.showFrmCPhoto()V+16
j  memsys.ui.pmes.Attendance.capture()V+119
j  memsys.ui.pmes.Attendance$ButtonEditor11.getCellEditorValue()Ljava/lang/Object;+19
j  javax.swing.JTable.editingStopped(Ljavax/swing/event/ChangeEvent;)V+10
j  javax.swing.AbstractCellEditor.fireEditingStopped()V+56
j  memsys.ui.pmes.Attendance$ButtonEditor11.fireEditingStopped()V+1
j  memsys.ui.pmes.Attendance$ButtonEditor11$1.actionPerformed(Ljava/awt/event/ActionEvent;)V+4
j  javax.swing.AbstractButton.fireActionPerformed(Ljava/awt/event/ActionEvent;)V+83
j  javax.swing.AbstractButton$Handler.actionPerformed(Ljava/awt/event/ActionEvent;)V+5
j  javax.swing.DefaultButtonModel.fireActionPerformed(Ljava/awt/event/ActionEvent;)V+34
j  javax.swing.DefaultButtonModel.setPressed(Z)V+117
j  javax.swing.plaf.basic.BasicButtonListener.mouseReleased(Ljava/awt/event/MouseEvent;)V+35
j  java.awt.Component.processMouseEvent(Ljava/awt/event/MouseEvent;)V+64
j  javax.swing.JComponent.processMouseEvent(Ljava/awt/event/MouseEvent;)V+23
j  java.awt.Component.processEvent(Ljava/awt/AWTEvent;)V+81
J 3749 C1 java.awt.Container.processEvent(Ljava/awt/AWTEvent;)V (22 bytes) @ 0x0000000002eeb80c [0x0000000002eeb4e0+0x32c]
J 3624 C1 java.awt.Component.dispatchEventImpl(Ljava/awt/AWTEvent;)V (921 bytes) @ 0x0000000002e6bf94 [0x0000000002e66a60+0x5534]
J 3230 C1 java.awt.Container.dispatchEventImpl(Ljava/awt/AWTEvent;)V (129 bytes) @ 0x0000000002cd8dcc [0x0000000002cd8c80+0x14c]
J 3597 C1 java.awt.Component.dispatchEvent(Ljava/awt/AWTEvent;)V (6 bytes) @ 0x0000000002e1c3c4 [0x0000000002e1c2c0+0x104]
j  javax.swing.plaf.basic.BasicTableUI$Handler.repostEvent(Ljava/awt/event/MouseEvent;)Z+43
j  javax.swing.plaf.basic.BasicTableUI$Handler.mouseReleased(Ljava/awt/event/MouseEvent;)V+57
j  java.awt.AWTEventMulticaster.mouseReleased(Ljava/awt/event/MouseEvent;)V+8
j  java.awt.Component.processMouseEvent(Ljava/awt/event/MouseEvent;)V+64
j  javax.swing.JComponent.processMouseEvent(Ljava/awt/event/MouseEvent;)V+23
j  java.awt.Component.processEvent(Ljava/awt/AWTEvent;)V+81
J 3749 C1 java.awt.Container.processEvent(Ljava/awt/AWTEvent;)V (22 bytes) @ 0x0000000002eeb80c [0x0000000002eeb4e0+0x32c]
J 3624 C1 java.awt.Component.dispatchEventImpl(Ljava/awt/AWTEvent;)V (921 bytes) @ 0x0000000002e6bf94 [0x0000000002e66a60+0x5534]
J 3230 C1 java.awt.Container.dispatchEventImpl(Ljava/awt/AWTEvent;)V (129 bytes) @ 0x0000000002cd8dcc [0x0000000002cd8c80+0x14c]
J 3753 C1 java.awt.LightweightDispatcher.retargetMouseEvent(Ljava/awt/Component;ILjava/awt/event/MouseEvent;)V (372 bytes) @ 0x0000000002ef011c [0x0000000002eed8e0+0x283c]
j  java.awt.LightweightDispatcher.processMouseEvent(Ljava/awt/event/MouseEvent;)Z+155
J 3771 C1 java.awt.LightweightDispatcher.dispatchEvent(Ljava/awt/AWTEvent;)Z (73 bytes) @ 0x0000000002f038fc [0x0000000002f034c0+0x43c]
J 3230 C1 java.awt.Container.dispatchEventImpl(Ljava/awt/AWTEvent;)V (129 bytes) @ 0x0000000002cd8d6c [0x0000000002cd8c80+0xec]
J 3764 C1 java.awt.Window.dispatchEventImpl(Ljava/awt/AWTEvent;)V (23 bytes) @ 0x0000000002efc824 [0x0000000002efc240+0x5e4]
J 3640 C1 java.awt.EventQueue.dispatchEventImpl(Ljava/awt/AWTEvent;Ljava/lang/Object;)V (149 bytes) @ 0x0000000002e7e67c [0x0000000002e7ce00+0x187c]
J 3638 C1 java.awt.EventQueue$3.run()Ljava/lang/Void; (60 bytes) @ 0x0000000002e7c1dc [0x0000000002e7bfc0+0x21c]
J 3569 C1 java.awt.EventQueue$3.run()Ljava/lang/Object; (5 bytes) @ 0x0000000002e02c0c [0x0000000002e02b80+0x8c]
v  ~StubRoutines::call_stub
J 2172  java.security.AccessController.doPrivileged(Ljava/security/PrivilegedAction;Ljava/security/AccessControlContext;)Ljava/lang/Object; (0 bytes) @ 0x0000000002b210e6 [0x0000000002b21080+0x66]
J 3622 C1 java.awt.EventQueue$4.run()Ljava/lang/Object; (5 bytes) @ 0x0000000002e72e74 [0x0000000002e72a40+0x434]
v  ~StubRoutines::call_stub
J 2172  java.security.AccessController.doPrivileged(Ljava/security/PrivilegedAction;Ljava/security/AccessControlContext;)Ljava/lang/Object; (0 bytes) @ 0x0000000002b210e6 [0x0000000002b21080+0x66]
J 2946 C1 java.awt.EventQueue.dispatchEvent(Ljava/awt/AWTEvent;)V (80 bytes) @ 0x000000000237063c [0x000000000236f780+0xebc]
J 2951 C1 java.awt.EventDispatchThread.pumpOneEventForFilters(I)V (190 bytes) @ 0x000000000243b8dc [0x000000000243a780+0x115c]
j  java.awt.EventDispatchThread.pumpEventsForFilter(ILjava/awt/Conditional;Ljava/awt/EventFilter;)V+35
j  java.awt.EventDispatchThread.pumpEventsForHierarchy(ILjava/awt/Conditional;Ljava/awt/Component;)V+11
j  java.awt.EventDispatchThread.pumpEvents(ILjava/awt/Conditional;)V+4
j  java.awt.EventDispatchThread.pumpEvents(Ljava/awt/Conditional;)V+3
j  java.awt.EventDispatchThread.run()V+9
v  ~StubRoutines::call_stub

---------------  P R O C E S S  ---------------

Java Threads: ( => current thread )
  0x0000000002153800 JavaThread "DestroyJavaVM" [_thread_blocked, id=3960, stack(0x0000000002050000,0x0000000002150000)]
  0x0000000021b46800 JavaThread "TimerQueue" daemon [_thread_blocked, id=8424, stack(0x00000000245c0000,0x00000000246c0000)]
=>0x0000000020bbb000 JavaThread "AWT-EventQueue-0" [_thread_in_vm, id=51484, stack(0x00000000234c0000,0x00000000235c0000)]
  0x0000000020d00000 JavaThread "Image Fetcher 3" daemon [_thread_blocked, id=356, stack(0x00000000233c0000,0x00000000234c0000)]
  0x0000000020e86000 JavaThread "AWT-Shutdown" [_thread_blocked, id=2076, stack(0x0000000022910000,0x0000000022a10000)]
  0x000000001ed42800 JavaThread "AWT-Windows" daemon [_thread_in_native, id=33956, stack(0x000000001f4d0000,0x000000001f5d0000)]
  0x000000001ed3b800 JavaThread "Java2D Disposer" daemon [_thread_blocked, id=17968, stack(0x000000001f2d0000,0x000000001f3d0000)]
  0x000000001dbfb000 JavaThread "Service Thread" daemon [_thread_blocked, id=39468, stack(0x000000001e790000,0x000000001e890000)]
  0x000000001dbcd800 JavaThread "C1 CompilerThread3" daemon [_thread_blocked, id=52108, stack(0x000000001e690000,0x000000001e790000)]
  0x000000001dbc3000 JavaThread "C2 CompilerThread2" daemon [_thread_blocked, id=51776, stack(0x000000001e590000,0x000000001e690000)]
  0x000000001dbc0000 JavaThread "C2 CompilerThread1" daemon [_thread_blocked, id=1904, stack(0x000000001e490000,0x000000001e590000)]
  0x000000001dbbc800 JavaThread "C2 CompilerThread0" daemon [_thread_blocked, id=45664, stack(0x000000001e390000,0x000000001e490000)]
  0x000000001dbba000 JavaThread "Attach Listener" daemon [_thread_blocked, id=46724, stack(0x000000001e290000,0x000000001e390000)]
  0x000000001dbb9000 JavaThread "Signal Dispatcher" daemon [_thread_blocked, id=40100, stack(0x000000001e190000,0x000000001e290000)]
  0x000000001dbb0800 JavaThread "Finalizer" daemon [_thread_blocked, id=24180, stack(0x000000001df90000,0x000000001e090000)]
  0x0000000002249000 JavaThread "Reference Handler" daemon [_thread_blocked, id=51884, stack(0x000000001da90000,0x000000001db90000)]

Other Threads:
  0x000000001bc89000 VMThread [stack: 0x000000001d990000,0x000000001da90000] [id=44528]
  0x000000001dbff800 WatcherThread [stack: 0x000000001e890000,0x000000001e990000] [id=51144]

VM state:not at safepoint (normal execution)

VM Mutex/Monitor currently owned by a thread: None

Heap:
 PSYoungGen      total 76288K, used 26772K [0x000000076b300000, 0x0000000771b80000, 0x00000007c0000000)
  eden space 65536K, 24% used [0x000000076b300000,0x000000076c2a77d8,0x000000076f300000)
  from space 10752K, 99% used [0x000000076f300000,0x000000076fd7da10,0x000000076fd80000)
  to   space 10752K, 0% used [0x0000000771100000,0x0000000771100000,0x0000000771b80000)
 ParOldGen       total 114176K, used 23735K [0x00000006c1800000, 0x00000006c8780000, 0x000000076b300000)
  object space 114176K, 20% used [0x00000006c1800000,0x00000006c2f2df50,0x00000006c8780000)
 Metaspace       used 34369K, capacity 34616K, committed 35072K, reserved 1079296K
  class space    used 4203K, capacity 4313K, committed 4352K, reserved 1048576K

Card table byte_map: [0x0000000011610000,0x0000000011e10000] byte_map_base: 0x000000000e004000

Marking Bits: (ParMarkBitMap*) 0x000000005c3d2d00
 Begin Bits: [0x0000000012b60000, 0x0000000016b00000)
 End Bits:   [0x0000000016b00000, 0x000000001aaa0000)

Polling page: 0x0000000000640000

CodeCache: size=245760Kb used=13393Kb max_used=13412Kb free=232367Kb
 bounds [0x0000000002250000, 0x0000000002f80000, 0x0000000011250000]
 total_blobs=4368 nmethods=3513 adapters=766
 compilation: enabled

Compilation events (10 events):
Event: 11.406 Thread 0x000000001dbcd800 nmethod 3872 0x0000000002f61ed0 code [0x0000000002f62100, 0x0000000002f62eb8]
Event: 11.406 Thread 0x000000001dbcd800 3871       3       javax.swing.plaf.nimbus.SynthPainterImpl::paintBackground (68 bytes)
Event: 11.406 Thread 0x000000001dbcd800 nmethod 3871 0x0000000002f63450 code [0x0000000002f63620, 0x0000000002f63e58]
Event: 11.406 Thread 0x000000001dbcd800 3873       3       sun.font.FileFontStrike::getGlyphAdvance (396 bytes)
Event: 11.408 Thread 0x000000001dbcd800 nmethod 3873 0x0000000002f64190 code [0x0000000002f645e0, 0x0000000002f670e8]
Event: 11.408 Thread 0x000000001dbcd800 3874  s    3       sun.font.TrueTypeFont::getScaler (32 bytes)
Event: 11.408 Thread 0x000000001dbcd800 nmethod 3874 0x0000000002f68c50 code [0x0000000002f68dc0, 0x0000000002f69128]
Event: 11.415 Thread 0x000000001dbc0000 nmethod 3851% 0x0000000002f6ef10 code [0x0000000002f6f1a0, 0x0000000002f72280]
Event: 11.416 Thread 0x000000001dbcd800 3875   !   3       java.lang.ClassLoader::findNative (86 bytes)
Event: 11.416 Thread 0x000000001dbcd800 nmethod 3875 0x0000000002f6e0d0 code [0x0000000002f6e280, 0x0000000002f6eb58]

GC Heap History (8 events):
Event: 0.994 GC heap before
{Heap before GC invocations=1 (full 0):
 PSYoungGen      total 76288K, used 65536K [0x000000076b300000, 0x0000000770800000, 0x00000007c0000000)
  eden space 65536K, 100% used [0x000000076b300000,0x000000076f300000,0x000000076f300000)
  from space 10752K, 0% used [0x000000076fd80000,0x000000076fd80000,0x0000000770800000)
  to   space 10752K, 0% used [0x000000076f300000,0x000000076f300000,0x000000076fd80000)
 ParOldGen       total 175104K, used 0K [0x00000006c1800000, 0x00000006cc300000, 0x000000076b300000)
  object space 175104K, 0% used [0x00000006c1800000,0x00000006c1800000,0x00000006cc300000)
 Metaspace       used 18799K, capacity 18970K, committed 19328K, reserved 1067008K
  class space    used 2267K, capacity 2339K, committed 2432K, reserved 1048576K
Event: 1.001 GC heap after
Heap after GC invocations=1 (full 0):
 PSYoungGen      total 76288K, used 10317K [0x000000076b300000, 0x0000000770800000, 0x00000007c0000000)
  eden space 65536K, 0% used [0x000000076b300000,0x000000076b300000,0x000000076f300000)
  from space 10752K, 95% used [0x000000076f300000,0x000000076fd13560,0x000000076fd80000)
  to   space 10752K, 0% used [0x000000076fd80000,0x000000076fd80000,0x0000000770800000)
 ParOldGen       total 175104K, used 88K [0x00000006c1800000, 0x00000006cc300000, 0x000000076b300000)
  object space 175104K, 0% used [0x00000006c1800000,0x00000006c1816010,0x00000006cc300000)
 Metaspace       used 18799K, capacity 18970K, committed 19328K, reserved 1067008K
  class space    used 2267K, capacity 2339K, committed 2432K, reserved 1048576K
}
Event: 2.058 GC heap before
{Heap before GC invocations=2 (full 0):
 PSYoungGen      total 76288K, used 21139K [0x000000076b300000, 0x0000000770800000, 0x00000007c0000000)
  eden space 65536K, 16% used [0x000000076b300000,0x000000076bd91940,0x000000076f300000)
  from space 10752K, 95% used [0x000000076f300000,0x000000076fd13560,0x000000076fd80000)
  to   space 10752K, 0% used [0x000000076fd80000,0x000000076fd80000,0x0000000770800000)
 ParOldGen       total 175104K, used 88K [0x00000006c1800000, 0x00000006cc300000, 0x000000076b300000)
  object space 175104K, 0% used [0x00000006c1800000,0x00000006c1816010,0x00000006cc300000)
 Metaspace       used 21000K, capacity 21152K, committed 21248K, reserved 1069056K
  class space    used 2457K, capacity 2532K, committed 2560K, reserved 1048576K
Event: 2.063 GC heap after
Heap after GC invocations=2 (full 0):
 PSYoungGen      total 76288K, used 7065K [0x000000076b300000, 0x0000000770800000, 0x00000007c0000000)
  eden space 65536K, 0% used [0x000000076b300000,0x000000076b300000,0x000000076f300000)
  from space 10752K, 65% used [0x000000076fd80000,0x0000000770466588,0x0000000770800000)
  to   space 10752K, 0% used [0x000000076f300000,0x000000076f300000,0x000000076fd80000)
 ParOldGen       total 175104K, used 96K [0x00000006c1800000, 0x00000006cc300000, 0x000000076b300000)
  object space 175104K, 0% used [0x00000006c1800000,0x00000006c1818010,0x00000006cc300000)
 Metaspace       used 21000K, capacity 21152K, committed 21248K, reserved 1069056K
  class space    used 2457K, capacity 2532K, committed 2560K, reserved 1048576K
}
Event: 2.063 GC heap before
{Heap before GC invocations=3 (full 1):
 PSYoungGen      total 76288K, used 7065K [0x000000076b300000, 0x0000000770800000, 0x00000007c0000000)
  eden space 65536K, 0% used [0x000000076b300000,0x000000076b300000,0x000000076f300000)
  from space 10752K, 65% used [0x000000076fd80000,0x0000000770466588,0x0000000770800000)
  to   space 10752K, 0% used [0x000000076f300000,0x000000076f300000,0x000000076fd80000)
 ParOldGen       total 175104K, used 96K [0x00000006c1800000, 0x00000006cc300000, 0x000000076b300000)
  object space 175104K, 0% used [0x00000006c1800000,0x00000006c1818010,0x00000006cc300000)
 Metaspace       used 21000K, capacity 21152K, committed 21248K, reserved 1069056K
  class space    used 2457K, capacity 2532K, committed 2560K, reserved 1048576K
Event: 2.083 GC heap after
Heap after GC invocations=3 (full 1):
 PSYoungGen      total 76288K, used 0K [0x000000076b300000, 0x0000000770800000, 0x00000007c0000000)
  eden space 65536K, 0% used [0x000000076b300000,0x000000076b300000,0x000000076f300000)
  from space 10752K, 0% used [0x000000076fd80000,0x000000076fd80000,0x0000000770800000)
  to   space 10752K, 0% used [0x000000076f300000,0x000000076f300000,0x000000076fd80000)
 ParOldGen       total 114176K, used 6885K [0x00000006c1800000, 0x00000006c8780000, 0x000000076b300000)
  object space 114176K, 6% used [0x00000006c1800000,0x00000006c1eb94c8,0x00000006c8780000)
 Metaspace       used 21000K, capacity 21152K, committed 21248K, reserved 1069056K
  class space    used 2457K, capacity 2532K, committed 2560K, reserved 1048576K
}
Event: 7.658 GC heap before
{Heap before GC invocations=4 (full 1):
 PSYoungGen      total 76288K, used 65536K [0x000000076b300000, 0x0000000770800000, 0x00000007c0000000)
  eden space 65536K, 100% used [0x000000076b300000,0x000000076f300000,0x000000076f300000)
  from space 10752K, 0% used [0x000000076fd80000,0x000000076fd80000,0x0000000770800000)
  to   space 10752K, 0% used [0x000000076f300000,0x000000076f300000,0x000000076fd80000)
 ParOldGen       total 114176K, used 6885K [0x00000006c1800000, 0x00000006c8780000, 0x000000076b300000)
  object space 114176K, 6% used [0x00000006c1800000,0x00000006c1eb94c8,0x00000006c8780000)
 Metaspace       used 32105K, capacity 32370K, committed 32768K, reserved 1077248K
  class space    used 3918K, capacity 3990K, committed 4096K, reserved 1048576K
Event: 7.665 GC heap after
Heap after GC invocations=4 (full 1):
 PSYoungGen      total 76288K, used 10742K [0x000000076b300000, 0x0000000771b80000, 0x00000007c0000000)
  eden space 65536K, 0% used [0x000000076b300000,0x000000076b300000,0x000000076f300000)
  from space 10752K, 99% used [0x000000076f300000,0x000000076fd7da10,0x000000076fd80000)
  to   space 10752K, 0% used [0x0000000771100000,0x0000000771100000,0x0000000771b80000)
 ParOldGen       total 114176K, used 23735K [0x00000006c1800000, 0x00000006c8780000, 0x000000076b300000)
  object space 114176K, 20% used [0x00000006c1800000,0x00000006c2f2df50,0x00000006c8780000)
 Metaspace       used 32105K, capacity 32370K, committed 32768K, reserved 1077248K
  class space    used 3918K, capacity 3990K, committed 4096K, reserved 1048576K
}

Deoptimization events (10 events):
Event: 5.730 Thread 0x0000000020bbb000 Uncommon trap: reason=unstable_if action=reinterpret pc=0x000000000293bba4 method=java.io.DataInputStream.readUTF(Ljava/io/DataInput;)Ljava/lang/String; @ 112
Event: 5.793 Thread 0x0000000020bbb000 Uncommon trap: reason=unstable_if action=reinterpret pc=0x0000000002c54d44 method=java.awt.MultipleGradientPaintContext.indexIntoGradientsArrays(F)I @ 24
Event: 7.643 Thread 0x0000000020bbb000 Uncommon trap: reason=null_check action=make_not_entrant pc=0x0000000002ac01fc method=javax.swing.plaf.nimbus.DerivedColor.equals(Ljava/lang/Object;)Z @ 8
Event: 7.918 Thread 0x0000000020bbb000 Uncommon trap: reason=null_check action=make_not_entrant pc=0x0000000002d3b228 method=javax.swing.plaf.nimbus.NimbusDefaults$LazyStyle.matches(Ljava/awt/Component;I)Z @ 39
Event: 7.925 Thread 0x0000000020bbb000 Uncommon trap: reason=unstable_if action=reinterpret pc=0x0000000002786210 method=java.awt.MultipleGradientPaintContext.indexIntoGradientsArrays(F)I @ 118
Event: 7.925 Thread 0x0000000020bbb000 Uncommon trap: reason=unstable_if action=reinterpret pc=0x0000000002430fec method=java.awt.MultipleGradientPaintContext.indexIntoGradientsArrays(F)I @ 118
Event: 7.931 Thread 0x0000000020bbb000 Uncommon trap: reason=unstable_if action=reinterpret pc=0x0000000002689d9c method=javax.swing.plaf.nimbus.DerivedColor.equals(Ljava/lang/Object;)Z @ 45
Event: 8.948 Thread 0x0000000020bbb000 Uncommon trap: reason=unstable_if action=reinterpret pc=0x0000000002d8db10 method=javax.swing.RepaintManager.addDirtyRegion0(Ljava/awt/Container;IIII)V @ 26
Event: 8.948 Thread 0x0000000020bbb000 Uncommon trap: reason=unstable_if action=reinterpret pc=0x0000000002d867d4 method=javax.swing.RepaintManager.addDirtyRegion0(Ljava/awt/Container;IIII)V @ 26
Event: 10.174 Thread 0x0000000020bbb000 Uncommon trap: reason=bimorphic action=maybe_recompile pc=0x0000000002e347dc method=java.net.URL.<init>(Ljava/net/URL;Ljava/lang/String;Ljava/net/URLStreamHandler;)V @ 504

Classes redefined (0 events):
No events

Internal exceptions (10 events):
Event: 2.653 Thread 0x0000000002153800 Exception <a 'java/lang/ClassNotFoundException': java/util/AbstractMapCustomizer> (0x000000076c758488) thrown at [C:\re\workspace\8-2-build-windows-amd64-cygwin\jdk8u181\11358\hotspot\src\share\vm\classfile\systemDictionary.cpp, line 210]
Event: 2.653 Thread 0x0000000002153800 Exception <a 'java/lang/ClassNotFoundException': java/util/HashMapCustomizer> (0x000000076c76cc58) thrown at [C:\re\workspace\8-2-build-windows-amd64-cygwin\jdk8u181\11358\hotspot\src\share\vm\classfile\systemDictionary.cpp, line 210]
Event: 3.007 Thread 0x0000000002153800 Exception <a 'java/lang/ClassNotFoundException': rptboot_1571293322549_208586BeanInfo> (0x000000076dd365f8) thrown at [C:\re\workspace\8-2-build-windows-amd64-cygwin\jdk8u181\11358\hotspot\src\share\vm\classfile\systemDictionary.cpp, line 210]
Event: 3.007 Thread 0x0000000002153800 Exception <a 'java/lang/ClassNotFoundException': rptboot_1571293322549_208586Customizer> (0x000000076dd44fc0) thrown at [C:\re\workspace\8-2-build-windows-amd64-cygwin\jdk8u181\11358\hotspot\src\share\vm\classfile\systemDictionary.cpp, line 210]
Event: 7.643 Thread 0x0000000020bbb000 Implicit null exception at 0x0000000002abfeda to 0x0000000002ac01ed
Event: 7.918 Thread 0x0000000020bbb000 Implicit null exception at 0x0000000002d37821 to 0x0000000002d3b20d
Event: 11.513 Thread 0x0000000020bbb000 Exception <a 'java/lang/NoSuchMethodError': setNoOutputs> (0x000000076c27ccd0) thrown at [C:\re\workspace\8-2-build-windows-amd64-cygwin\jdk8u181\11358\hotspot\src\share\vm\prims\jni.cpp, line 1581]
Event: 11.513 Thread 0x0000000020bbb000 Exception <a 'java/lang/NoSuchMethodError': setOutputName> (0x000000076c27d6c0) thrown at [C:\re\workspace\8-2-build-windows-amd64-cygwin\jdk8u181\11358\hotspot\src\share\vm\prims\jni.cpp, line 1581]
Event: 11.513 Thread 0x0000000020bbb000 Exception <a 'java/lang/NoSuchMethodError': setNoInputs> (0x000000076c27e0a8) thrown at [C:\re\workspace\8-2-build-windows-amd64-cygwin\jdk8u181\11358\hotspot\src\share\vm\prims\jni.cpp, line 1581]
Event: 11.513 Thread 0x0000000020bbb000 Exception <a 'java/lang/NoSuchMethodError': setInputName> (0x000000076c27ea90) thrown at [C:\re\workspace\8-2-build-windows-amd64-cygwin\jdk8u181\11358\hotspot\src\share\vm\prims\jni.cpp, line 1581]

Events (10 events):
Event: 11.416 loading class com/lti/civil/CaptureSystem
Event: 11.416 loading class com/lti/civil/CaptureSystem done
Event: 11.416 loading class com/lti/civil/impl/jni/Peered
Event: 11.416 loading class com/lti/civil/impl/jni/Peered done
Event: 11.512 loading class com/lti/civil/impl/jni/NativeCaptureDeviceInfo
Event: 11.512 loading class com/lti/civil/impl/jni/NativeCaptureDeviceInfo done
Event: 11.513 loading class com/lti/civil/CaptureDeviceInfo
Event: 11.513 loading class com/lti/civil/CaptureDeviceInfo done
Event: 11.513 loading class com/lti/civil/impl/common/CaptureDeviceInfoImpl
Event: 11.513 loading class com/lti/civil/impl/common/CaptureDeviceInfoImpl done


Dynamic libraries:
0x00007ff752d80000 - 0x00007ff752db7000 	C:\Program Files\Java\jdk1.8.0_181\bin\java.exe
0x00007ffd0d2c0000 - 0x00007ffd0d4b0000 	C:\Windows\SYSTEM32\ntdll.dll
0x00007ffcda920000 - 0x00007ffcda934000 	C:\Program Files\AVAST Software\Avast\aswhook.dll
0x00007ffd0d0a0000 - 0x00007ffd0d152000 	C:\Windows\System32\KERNEL32.DLL
0x00007ffd0a2d0000 - 0x00007ffd0a573000 	C:\Windows\System32\KERNELBASE.dll
0x00007ffd0b4f0000 - 0x00007ffd0b593000 	C:\Windows\System32\ADVAPI32.dll
0x00007ffd0c4d0000 - 0x00007ffd0c56e000 	C:\Windows\System32\msvcrt.dll
0x00007ffd0cb30000 - 0x00007ffd0cbc7000 	C:\Windows\System32\sechost.dll
0x00007ffd0c760000 - 0x00007ffd0c880000 	C:\Windows\System32\RPCRT4.dll
0x00007ffd0c880000 - 0x00007ffd0ca14000 	C:\Windows\System32\USER32.dll
0x00007ffd0b2f0000 - 0x00007ffd0b311000 	C:\Windows\System32\win32u.dll
0x00007ffd0d160000 - 0x00007ffd0d186000 	C:\Windows\System32\GDI32.dll
0x00007ffd0b150000 - 0x00007ffd0b2e4000 	C:\Windows\System32\gdi32full.dll
0x00007ffd0b0b0000 - 0x00007ffd0b14e000 	C:\Windows\System32\msvcp_win.dll
0x00007ffd0ad20000 - 0x00007ffd0ae1a000 	C:\Windows\System32\ucrtbase.dll
0x00007ffcebee0000 - 0x00007ffcec165000 	C:\Windows\WinSxS\amd64_microsoft.windows.common-controls_6595b64144ccf1df_6.0.18362.418_none_e6c6b287130d565d\COMCTL32.dll
0x00007ffd0b8a0000 - 0x00007ffd0bbd6000 	C:\Windows\System32\combase.dll
0x00007ffd0a250000 - 0x00007ffd0a2d0000 	C:\Windows\System32\bcryptPrimitives.dll
0x00007ffd0b370000 - 0x00007ffd0b39e000 	C:\Windows\System32\IMM32.DLL
0x000000005c540000 - 0x000000005c612000 	C:\Program Files\Java\jdk1.8.0_181\jre\bin\msvcr100.dll
0x000000005bbb0000 - 0x000000005c452000 	C:\Program Files\Java\jdk1.8.0_181\jre\bin\server\jvm.dll
0x00007ffd0c2d0000 - 0x00007ffd0c2d8000 	C:\Windows\System32\PSAPI.DLL
0x00007ffcf6710000 - 0x00007ffcf6719000 	C:\Windows\SYSTEM32\WSOCK32.dll
0x00007ffd0d1f0000 - 0x00007ffd0d25f000 	C:\Windows\System32\WS2_32.dll
0x00007ffd02c30000 - 0x00007ffd02c54000 	C:\Windows\SYSTEM32\WINMM.dll
0x00007ffcfc180000 - 0x00007ffcfc18a000 	C:\Windows\SYSTEM32\VERSION.dll
0x00007ffd02c00000 - 0x00007ffd02c2d000 	C:\Windows\SYSTEM32\WINMMBASE.dll
0x00007ffd0b320000 - 0x00007ffd0b36a000 	C:\Windows\System32\cfgmgr32.dll
0x000000005c530000 - 0x000000005c53f000 	C:\Program Files\Java\jdk1.8.0_181\jre\bin\verify.dll
0x000000005bb40000 - 0x000000005bb69000 	C:\Program Files\Java\jdk1.8.0_181\jre\bin\java.dll
0x000000005c510000 - 0x000000005c526000 	C:\Program Files\Java\jdk1.8.0_181\jre\bin\zip.dll
0x00007ffd0bbe0000 - 0x00007ffd0c2c5000 	C:\Windows\System32\SHELL32.dll
0x00007ffd0ca20000 - 0x00007ffd0cac9000 	C:\Windows\System32\shcore.dll
0x00007ffd0a580000 - 0x00007ffd0acff000 	C:\Windows\System32\windows.storage.dll
0x00007ffd0a230000 - 0x00007ffd0a24f000 	C:\Windows\System32\profapi.dll
0x00007ffd0a1c0000 - 0x00007ffd0a20a000 	C:\Windows\System32\powrprof.dll
0x00007ffd0a190000 - 0x00007ffd0a1a0000 	C:\Windows\System32\UMPDC.dll
0x00007ffd0d190000 - 0x00007ffd0d1e2000 	C:\Windows\System32\shlwapi.dll
0x00007ffd0a1a0000 - 0x00007ffd0a1b1000 	C:\Windows\System32\kernel.appcore.dll
0x00007ffd0ad00000 - 0x00007ffd0ad17000 	C:\Windows\System32\cryptsp.dll
0x000000005b960000 - 0x000000005baf9000 	C:\Program Files\Java\jdk1.8.0_181\jre\bin\awt.dll
0x00007ffd0b420000 - 0x00007ffd0b4e4000 	C:\Windows\System32\OLEAUT32.dll
0x00007ffd030a0000 - 0x00007ffd0312f000 	C:\Windows\SYSTEM32\apphelp.dll
0x00007ffd07e20000 - 0x00007ffd07eb9000 	C:\Windows\system32\uxtheme.dll
0x00007ffd0c620000 - 0x00007ffd0c756000 	C:\Windows\System32\MSCTF.dll
0x00007ffd0c370000 - 0x00007ffd0c4c6000 	C:\Windows\System32\ole32.dll
0x000000005b910000 - 0x000000005b957000 	C:\Program Files\Java\jdk1.8.0_181\jre\bin\fontmanager.dll
0x00007ffd07ef0000 - 0x00007ffd07f1d000 	C:\Windows\system32\DWMAPI.DLL
0x000000005bb20000 - 0x000000005bb3a000 	C:\Program Files\Java\jdk1.8.0_181\jre\bin\net.dll
0x00007ffd09a00000 - 0x00007ffd09a67000 	C:\Windows\system32\mswsock.dll
0x00007ffcefd40000 - 0x00007ffcefd56000 	C:\Windows\system32\napinsp.dll
0x00007ffcef760000 - 0x00007ffcef77a000 	C:\Windows\system32\pnrpnsp.dll
0x00007ffd09750000 - 0x00007ffd0981a000 	C:\Windows\SYSTEM32\DNSAPI.dll
0x00007ffd0b6e0000 - 0x00007ffd0b6e8000 	C:\Windows\System32\NSI.dll
0x00007ffd09710000 - 0x00007ffd0974a000 	C:\Windows\SYSTEM32\IPHLPAPI.DLL
0x00007ffcef750000 - 0x00007ffcef75e000 	C:\Windows\System32\winrnr.dll
0x00007ffd04d70000 - 0x00007ffd04d8c000 	C:\Windows\system32\NLAapi.dll
0x00007ffd06d10000 - 0x00007ffd06d25000 	C:\Windows\system32\wshbth.dll
0x000000005cea0000 - 0x000000005cec6000 	C:\Program Files\Bonjour\mdnsNSP.dll
0x00007ffd06060000 - 0x00007ffd0606a000 	C:\Windows\System32\rasadhlp.dll
0x00007ffd04870000 - 0x00007ffd048e7000 	C:\Windows\System32\fwpuclnt.dll
0x00007ffd0af30000 - 0x00007ffd0af56000 	C:\Windows\System32\bcrypt.dll
0x00007ffd09570000 - 0x00007ffd095a3000 	C:\Windows\system32\rsaenh.dll
0x00007ffd0a080000 - 0x00007ffd0a0a5000 	C:\Windows\SYSTEM32\USERENV.dll
0x00007ffd09bd0000 - 0x00007ffd09bdc000 	C:\Windows\SYSTEM32\CRYPTBASE.dll
0x00007ffd049f0000 - 0x00007ffd04a06000 	C:\Windows\SYSTEM32\dhcpcsvc6.DLL
0x00007ffd04b80000 - 0x00007ffd04b9c000 	C:\Windows\SYSTEM32\dhcpcsvc.DLL
0x000000005bb00000 - 0x000000005bb11000 	C:\Program Files\Java\jdk1.8.0_181\jre\bin\nio.dll
0x00007ffcfc720000 - 0x00007ffcfc876000 	C:\Windows\system32\opengl32.dll
0x00007ffd04020000 - 0x00007ffd0404c000 	C:\Windows\SYSTEM32\GLU32.dll
0x00007ffd08ac0000 - 0x00007ffd08ae0000 	C:\Windows\SYSTEM32\dxcore.dll
0x000000005b8c0000 - 0x000000005b902000 	C:\Program Files\Java\jdk1.8.0_181\jre\bin\t2k.dll
0x00007ffd0c570000 - 0x00007ffd0c612000 	C:\Windows\System32\clbcatq.dll
0x00007ffd01210000 - 0x00007ffd013bf000 	C:\Windows\SYSTEM32\WindowsCodecs.dll
0x00007ffcfc5b0000 - 0x00007ffcfc5ea000 	C:\Windows\system32\dataexchange.dll
0x00007ffd06470000 - 0x00007ffd066cb000 	C:\Windows\system32\d3d11.dll
0x00007ffd028e0000 - 0x00007ffd02abb000 	C:\Windows\system32\dcomp.dll
0x00007ffd08ae0000 - 0x00007ffd08bcb000 	C:\Windows\system32\dxgi.dll
0x00007ffd079d0000 - 0x00007ffd07c2a000 	C:\Windows\system32\twinapi.appcore.dll
0x00007ffd07fd0000 - 0x00007ffd07ff9000 	C:\Windows\system32\RMCLIENT.dll
0x00007ffcfae90000 - 0x00007ffcfaf2e000 	C:\Windows\System32\TextInputFramework.dll
0x00007ffd015a0000 - 0x00007ffd018ca000 	C:\Windows\System32\CoreUIComponents.dll
0x00007ffd06070000 - 0x00007ffd06144000 	C:\Windows\System32\CoreMessaging.dll
0x00007ffd091f0000 - 0x00007ffd09221000 	C:\Windows\SYSTEM32\ntmarta.dll
0x00007ffd06d30000 - 0x00007ffd06e83000 	C:\Windows\SYSTEM32\wintypes.dll
0x000000005b880000 - 0x000000005b8aa000 	C:\Program Files\Java\jdk1.8.0_181\jre\bin\dcpr.dll
0x00007ffcfb5a0000 - 0x00007ffcfb846000 	C:\Windows\System32\iertutil.dll
0x000000005b800000 - 0x000000005b831000 	C:\Program Files\Java\jdk1.8.0_181\jre\bin\jpeg.dll
0x00007ffcf9940000 - 0x00007ffcf996c000 	C:\Program Files\Java\jdk1.8.0_181\bin\civil.dll
0x00007ffd061f0000 - 0x00007ffd06208000 	C:\Windows\System32\devenum.dll
0x00007ffd0cc30000 - 0x00007ffd0d0a0000 	C:\Windows\System32\setupapi.dll
0x00007ffd09f90000 - 0x00007ffd09fba000 	C:\Windows\SYSTEM32\DEVOBJ.dll
0x00007ffd0aed0000 - 0x00007ffd0af2c000 	C:\Windows\System32\WINTRUST.dll
0x00007ffd0a210000 - 0x00007ffd0a222000 	C:\Windows\System32\MSASN1.dll
0x00007ffd0af60000 - 0x00007ffd0b0a9000 	C:\Windows\System32\CRYPT32.dll
0x00007ffd04160000 - 0x00007ffd0416b000 	C:\Windows\SYSTEM32\msdmo.dll
0x00007ffcf8250000 - 0x00007ffcf8284000 	C:\Windows\System32\qcap.dll
0x00007ffccad90000 - 0x00007ffccaf54000 	C:\Windows\System32\quartz.dll
0x00007ffcf2a10000 - 0x00007ffcf2a5c000 	C:\Windows\System32\mfksproxy.dll
0x00007ffcf08c0000 - 0x00007ffcf08dc000 	C:\Windows\System32\ATL.DLL
0x00007ffd05610000 - 0x00007ffd0580a000 	C:\Windows\System32\MFPlat.DLL
0x00007ffd05590000 - 0x00007ffd055bf000 	C:\Windows\System32\RTWorkQ.DLL
0x00007ffccc8d0000 - 0x00007ffccc92c000 	C:\Windows\System32\MFSENSORGROUP.dll
0x00007ffce9650000 - 0x00007ffce969d000 	C:\Windows\System32\ksproxy.ax
0x00007ffcf9c10000 - 0x00007ffcf9c19000 	C:\Windows\System32\ksuser.dll
0x00007ffccb890000 - 0x00007ffccba57000 	C:\Windows\System32\d3d9.dll
0x00007ffd07360000 - 0x00007ffd073e6000 	C:\Windows\SYSTEM32\policymanager.dll
0x00007ffd072d0000 - 0x00007ffd0735a000 	C:\Windows\System32\msvcp110_win.dll
0x00007ffd067b0000 - 0x00007ffd067bd000 	C:\Windows\System32\vidcap.ax
0x00007ffcf9910000 - 0x00007ffcf9936000 	C:\Windows\System32\kswdmcap.ax
0x00007ffccc0f0000 - 0x00007ffccc252000 	C:\Windows\System32\MFC42.dll
0x00007ffd08dd0000 - 0x00007ffd08fc4000 	C:\Windows\SYSTEM32\dbghelp.dll

VM Arguments:
jvm_args: -Dfile.encoding=UTF-8 
java_command: root
java_class_path (initial): D:\Dev\Noreco1\MemSys\lib\DateChooser.jar;D:\Dev\Noreco1\MemSys\lib\TimePicker_1.jar;D:\Dev\Noreco1\MemSys\lib\barbecue-1.5-beta1.jar;D:\Dev\Noreco1\MemSys\lib\barcode4j-light.jar;D:\Dev\Noreco1\MemSys\lib\batik-all-1.7.jar;D:\Dev\Noreco1\MemSys\lib\batik-bridge-1.7.jar;D:\Dev\Noreco1\MemSys\lib\batik-xml.jar;D:\Dev\Noreco1\MemSys\lib\beansbinding-1.2.1.jar;D:\Dev\Noreco1\MemSys\lib\bridj-0.6.2.jar;D:\Dev\Noreco1\MemSys\lib\commons-beanutils-1.8.2.jar;D:\Dev\Noreco1\MemSys\lib\commons-collections-3.2.1.jar;D:\Dev\Noreco1\MemSys\lib\commons-digester-2.1.jar;D:\Dev\Noreco1\MemSys\lib\commons-logging-1.1.1.jar;D:\Dev\Noreco1\MemSys\lib\commons-net-3.0.1.jar;D:\Dev\Noreco1\MemSys\lib\itext-2.1.7.jar;D:\Dev\Noreco1\MemSys\lib\groovy-all-2.4.3.jar;D:\Dev\Noreco1\MemSys\lib\javacv-windows-x86_64.jar;D:\Dev\Noreco1\MemSys\lib\jasperreports-5.6.0.jar;D:\Dev\Noreco1\MemSys\lib\javax.persistence.jar;D:\Dev\Noreco1\MemSys\lib\jcalendar-1.4.jar;D:\Dev\Noreco1\MemSys\lib\jmf.jar;D:\Dev\Noreco1\MemSys\lib\joda-time-2.2.jar;D:\Dev\Noreco1\MemSys\lib\jxl-2.6.10.jar;D:\Dev\Noreco1\MemSys\lib\log4j-1.2.15.jar;D:\Dev\Noreco1\MemSys\lib\lti-civil-no-swt-20070920-1721.jar;D:\Dev\Noreco1\MemSys\lib\lti-civil-no_s_w_t.jar;D:\Dev\Noreco1\MemSys\lib\lti-civil-noswt.jar;D:\Dev\Noreco1\MemSys\lib\lti-civil-noutils.jar;D:\Dev\Noreco1\MemSys\lib\lti-civil.jar;D:\Dev\Noreco1\MemSys\lib\mysql-connector-java-5.1.17-bin.jar;D:\Dev\Noreco1\MemSys\lib\org.eclipse.swt.win32.win32.x86_64_3.7.1.v3738a.jar;D:\Dev\Noreco1\MemSys\lib\org.w3c.css.sac-1.3.0.jar;D:\Dev\Noreco1\MemSys\lib\rt.jar;D:\Dev\Noreco1\MemSys\lib\slf4j-api-1.7.2.jar;D:\Dev\Noreco1\MemSys\lib\slf4j.api-1.6.1.jar;D:\Dev\Noreco1\MemSys\lib\slf4j.jdk14-1.6.1.jar;D:\Dev\Noreco1\MemSys\lib\swingx-core-1.6.2.jar;D:\Dev\Noreco1\MemSys\lib\swt-win-x64.jar;D:\Dev\Noreco1\MemSys\lib\swt.jar;D:\Dev\Noreco1\MemSys\lib\w3c.jar;D:\Dev\Noreco1\MemSys\lib\webcam-capture-0.3.10.jar;D:\Dev\Noreco1\MemSys\lib\wgssSTU.jar;C:\Pro
Launcher Type: SUN_STANDARD

Environment Variables:
PATH=C:\Program Files (x86)\Common Files\Oracle\Java\javapath;C:\Windows\system32;C:\Windows;C:\Windows\System32\Wbem;C:\Windows\System32\WindowsPowerShell\v1.0\;C:\Windows\System32\OpenSSH\;C:\Program Files (x86)\Microsoft SQL Server\150\DTS\Binn\;C:\Program Files\PuTTY\;C:\Program Files\Git\cmd;C:\Program Files (x86)\Intel\Intel(R) Management Engine Components\DAL;C:\Program Files\Intel\Intel(R) Management Engine Components\DAL;C:\Program Files\MySQL\MySQL Shell 8.0\bin\
USERNAME=EngkoiCadiz
OS=Windows_NT
PROCESSOR_IDENTIFIER=Intel64 Family 6 Model 142 Stepping 10, GenuineIntel



---------------  S Y S T E M  ---------------

OS: Windows 10.0 , 64 bit Build 18362 (10.0.18362.329)

CPU:total 8 (initial active 8) (4 cores per cpu, 2 threads per core) family 6 model 142 stepping 10, cmov, cx8, fxsr, mmx, sse, sse2, sse3, ssse3, sse4.1, sse4.2, popcnt, avx, avx2, aes, clmul, erms, 3dnowpref, lzcnt, ht, tsc, tscinvbit, bmi1, bmi2, adx

Memory: 4k page, physical 16672504k(5852704k free), swap 67872504k(50522916k free)

vm_info: Java HotSpot(TM) 64-Bit Server VM (25.181-b13) for windows-amd64 JRE (1.8.0_181-b13), built on Jul  7 2018 04:01:33 by "java_re" with MS VC++ 10.0 (VS2010)

time: Thu Oct 17 14:22:11 2019
elapsed time: 11 seconds (0d 0h 0m 11s)

